Analysis & Synthesis report for zx_epmio
Wed Nov 16 01:11:01 2022
Quartus II 64-Bit Version 13.0.1 Build 232 06/12/2013 Service Pack 1 SJ Web Edition


---------------------
; Table of Contents ;
---------------------
  1. Legal Notice
  2. Analysis & Synthesis Summary
  3. Analysis & Synthesis Settings
  4. Parallel Compilation
  5. Analysis & Synthesis Source Files Read
  6. Analysis & Synthesis Resource Usage Summary
  7. Analysis & Synthesis Resource Utilization by Entity
  8. Registers Removed During Synthesis
  9. Removed Registers Triggering Further Register Optimizations
 10. Analysis & Synthesis Messages
 11. Analysis & Synthesis Suppressed Messages



----------------
; Legal Notice ;
----------------
Copyright (C) 1991-2013 Altera Corporation
Your use of Altera Corporation's design tools, logic functions 
and other software and tools, and its AMPP partner logic 
functions, and any output files from any of the foregoing 
(including device programming or simulation files), and any 
associated documentation or information are expressly subject 
to the terms and conditions of the Altera Program License 
Subscription Agreement, Altera MegaCore Function License 
Agreement, or other applicable license agreement, including, 
without limitation, that your use is for the sole purpose of 
programming logic devices manufactured by Altera and sold by 
Altera or its authorized distributors.  Please refer to the 
applicable agreement for further details.



+-------------------------------------------------------------------------------+
; Analysis & Synthesis Summary                                                  ;
+-----------------------------+-------------------------------------------------+
; Analysis & Synthesis Status ; Successful - Wed Nov 16 01:11:01 2022           ;
; Quartus II 64-Bit Version   ; 13.0.1 Build 232 06/12/2013 SP 1 SJ Web Edition ;
; Revision Name               ; zx_epmio                                        ;
; Top-level Entity Name       ; zx_epmio                                        ;
; Family                      ; MAX3000A                                        ;
; Total macrocells            ; 52                                              ;
; Total pins                  ; 49                                              ;
+-----------------------------+-------------------------------------------------+


+---------------------------------------------------------------------------------------------------------------+
; Analysis & Synthesis Settings                                                                                 ;
+----------------------------------------------------------------------------+------------------+---------------+
; Option                                                                     ; Setting          ; Default Value ;
+----------------------------------------------------------------------------+------------------+---------------+
; Device                                                                     ; EPM3256AQC208-10 ;               ;
; Top-level entity name                                                      ; zx_epmio         ; zx_epmio      ;
; Family name                                                                ; MAX3000A         ; Cyclone IV GX ;
; Use smart compilation                                                      ; Off              ; Off           ;
; Enable parallel Assembler and TimeQuest Timing Analyzer during compilation ; On               ; On            ;
; Enable compact report table                                                ; Off              ; Off           ;
; Create Debugging Nodes for IP Cores                                        ; Off              ; Off           ;
; Preserve fewer node names                                                  ; On               ; On            ;
; Disable OpenCore Plus hardware evaluation                                  ; Off              ; Off           ;
; Verilog Version                                                            ; Verilog_2001     ; Verilog_2001  ;
; VHDL Version                                                               ; VHDL_1993        ; VHDL_1993     ;
; State Machine Processing                                                   ; Auto             ; Auto          ;
; Safe State Machine                                                         ; Off              ; Off           ;
; Extract Verilog State Machines                                             ; On               ; On            ;
; Extract VHDL State Machines                                                ; On               ; On            ;
; Ignore Verilog initial constructs                                          ; Off              ; Off           ;
; Iteration limit for constant Verilog loops                                 ; 5000             ; 5000          ;
; Iteration limit for non-constant Verilog loops                             ; 250              ; 250           ;
; Add Pass-Through Logic to Inferred RAMs                                    ; On               ; On            ;
; Infer RAMs from Raw Logic                                                  ; On               ; On            ;
; Parallel Synthesis                                                         ; On               ; On            ;
; NOT Gate Push-Back                                                         ; On               ; On            ;
; Power-Up Don't Care                                                        ; On               ; On            ;
; Remove Duplicate Registers                                                 ; On               ; On            ;
; Ignore CARRY Buffers                                                       ; Off              ; Off           ;
; Ignore CASCADE Buffers                                                     ; Off              ; Off           ;
; Ignore GLOBAL Buffers                                                      ; Off              ; Off           ;
; Ignore ROW GLOBAL Buffers                                                  ; Off              ; Off           ;
; Ignore LCELL Buffers                                                       ; Auto             ; Auto          ;
; Ignore SOFT Buffers                                                        ; Off              ; Off           ;
; Limit AHDL Integers to 32 Bits                                             ; Off              ; Off           ;
; Optimization Technique                                                     ; Speed            ; Speed         ;
; Allow XOR Gate Usage                                                       ; On               ; On            ;
; Auto Logic Cell Insertion                                                  ; On               ; On            ;
; Parallel Expander Chain Length                                             ; 4                ; 4             ;
; Auto Parallel Expanders                                                    ; On               ; On            ;
; Auto Open-Drain Pins                                                       ; On               ; On            ;
; Auto Resource Sharing                                                      ; Off              ; Off           ;
; Maximum Fan-in Per Macrocell                                               ; 100              ; 100           ;
; Use LogicLock Constraints during Resource Balancing                        ; On               ; On            ;
; Ignore translate_off and synthesis_off directives                          ; Off              ; Off           ;
; Report Parameter Settings                                                  ; On               ; On            ;
; Report Source Assignments                                                  ; On               ; On            ;
; Report Connectivity Checks                                                 ; On               ; On            ;
; HDL message level                                                          ; Level2           ; Level2        ;
; Suppress Register Optimization Related Messages                            ; Off              ; Off           ;
; Number of Removed Registers Reported in Synthesis Report                   ; 5000             ; 5000          ;
; Number of Swept Nodes Reported in Synthesis Report                         ; 5000             ; 5000          ;
; Number of Inverted Registers Reported in Synthesis Report                  ; 100              ; 100           ;
; Block Design Naming                                                        ; Auto             ; Auto          ;
; Synthesis Effort                                                           ; Auto             ; Auto          ;
; Shift Register Replacement - Allow Asynchronous Clear Signal               ; On               ; On            ;
; Pre-Mapping Resynthesis Optimization                                       ; Off              ; Off           ;
; Analysis & Synthesis Message Level                                         ; Medium           ; Medium        ;
; Disable Register Merging Across Hierarchies                                ; Auto             ; Auto          ;
; Synthesis Seed                                                             ; 1                ; 1             ;
+----------------------------------------------------------------------------+------------------+---------------+


Parallel compilation was disabled, but you have multiple processors available. Enable parallel compilation to reduce compilation time.
+-------------------------------------+
; Parallel Compilation                ;
+----------------------------+--------+
; Processors                 ; Number ;
+----------------------------+--------+
; Number detected on machine ; 8      ;
; Maximum allowed            ; 1      ;
+----------------------------+--------+


+------------------------------------------------------------------------------------------------------------------------------------------------------+
; Analysis & Synthesis Source Files Read                                                                                                               ;
+----------------------------------+-----------------+------------------------+--------------------------------------------------------------+---------+
; File Name with User-Entered Path ; Used in Netlist ; File Type              ; File Name with Absolute Path                                 ; Library ;
+----------------------------------+-----------------+------------------------+--------------------------------------------------------------+---------+
; zx_epmio.v                       ; yes             ; User Verilog HDL File  ; C:/Users/union/Documents/Projects/Speccy/ZX_EPMIO/zx_epmio.v ;         ;
+----------------------------------+-----------------+------------------------+--------------------------------------------------------------+---------+


+---------------------------------------------+
; Analysis & Synthesis Resource Usage Summary ;
+----------------------+----------------------+
; Resource             ; Usage                ;
+----------------------+----------------------+
; Logic cells          ; 52                   ;
; Total registers      ; 41                   ;
; I/O pins             ; 49                   ;
; Maximum fan-out node ; SPI_SCK              ;
; Maximum fan-out      ; 33                   ;
; Total fan-out        ; 468                  ;
; Average fan-out      ; 4.63                 ;
+----------------------+----------------------+


+-------------------------------------------------------------------------------------+
; Analysis & Synthesis Resource Utilization by Entity                                 ;
+----------------------------+------------+------+---------------------+--------------+
; Compilation Hierarchy Node ; Macrocells ; Pins ; Full Hierarchy Name ; Library Name ;
+----------------------------+------------+------+---------------------+--------------+
; |zx_epmio                  ; 52         ; 49   ; |zx_epmio           ; work         ;
+----------------------------+------------+------+---------------------+--------------+


+-------------------------------------------------------------+
; Registers Removed During Synthesis                          ;
+----------------------------------------+--------------------+
; Register name                          ; Reason for Removal ;
+----------------------------------------+--------------------+
; spi_kbd[0..39]                         ; Lost fanout        ;
; Total Number of Removed Registers = 40 ;                    ;
+----------------------------------------+--------------------+


+---------------------------------------------------------------------------------------------------------------------------------+
; Removed Registers Triggering Further Register Optimizations                                                                     ;
+---------------+--------------------+--------------------------------------------------------------------------------------------+
; Register name ; Reason for Removal ; Registers Removed due to This Register                                                     ;
+---------------+--------------------+--------------------------------------------------------------------------------------------+
; spi_kbd[39]   ; Lost Fanouts       ; spi_kbd[38], spi_kbd[37], spi_kbd[36], spi_kbd[35], spi_kbd[34], spi_kbd[33], spi_kbd[32], ;
;               ;                    ; spi_kbd[31], spi_kbd[30], spi_kbd[29], spi_kbd[28], spi_kbd[27], spi_kbd[26], spi_kbd[25], ;
;               ;                    ; spi_kbd[24], spi_kbd[23], spi_kbd[22], spi_kbd[21], spi_kbd[20], spi_kbd[19], spi_kbd[18], ;
;               ;                    ; spi_kbd[17], spi_kbd[16], spi_kbd[15], spi_kbd[14], spi_kbd[13], spi_kbd[12], spi_kbd[11], ;
;               ;                    ; spi_kbd[10], spi_kbd[9], spi_kbd[8], spi_kbd[7], spi_kbd[6], spi_kbd[5], spi_kbd[4],       ;
;               ;                    ; spi_kbd[3], spi_kbd[2], spi_kbd[1], spi_kbd[0]                                             ;
+---------------+--------------------+--------------------------------------------------------------------------------------------+


+-------------------------------+
; Analysis & Synthesis Messages ;
+-------------------------------+
Info: *******************************************************************
Info: Running Quartus II 64-Bit Analysis & Synthesis
    Info: Version 13.0.1 Build 232 06/12/2013 Service Pack 1 SJ Web Edition
    Info: Processing started: Wed Nov 16 01:11:00 2022
Info: Command: quartus_map --read_settings_files=on --write_settings_files=off zx_epmio -c zx_epmio
Warning (20028): Parallel compilation is not licensed and has been disabled
Info (12021): Found 1 design units, including 1 entities, in source file zx_epmio.v
    Info (12023): Found entity 1: zx_epmio
Info (12127): Elaborating entity "zx_epmio" for the top level hierarchy
Warning (13034): The following nodes have both tri-state and non-tri-state drivers
    Warning (13035): Inserted always-enabled tri-state buffer between "IORQGE" and its non-tri-state driver.
Warning (13027): Removed fan-outs from the following always-disabled I/O buffers
    Warning (13028): Removed fan-out from the always-disabled I/O buffer "DATA[0]" to the node "DATA[0]"
    Warning (13028): Removed fan-out from the always-disabled I/O buffer "DATA[1]" to the node "DATA[1]"
    Warning (13028): Removed fan-out from the always-disabled I/O buffer "DATA[2]" to the node "DATA[2]"
    Warning (13028): Removed fan-out from the always-disabled I/O buffer "DATA[3]" to the node "DATA[3]"
    Warning (13028): Removed fan-out from the always-disabled I/O buffer "DATA[4]" to the node "DATA[4]"
    Warning (13028): Removed fan-out from the always-disabled I/O buffer "IORQGE" to the node "IORQGE"
    Warning (13028): Removed fan-out from the always-disabled I/O buffer "DATA[5]" to the node "DATA[5]"
    Warning (13028): Removed fan-out from the always-disabled I/O buffer "DATA[6]" to the node "DATA[6]"
    Warning (13028): Removed fan-out from the always-disabled I/O buffer "DATA[7]" to the node "DATA[7]"
Info (17049): 40 registers lost all their fanouts during netlist optimizations.
Warning (21074): Design contains 5 input pin(s) that do not drive logic
    Warning (15610): No output dependent on input pin "INT"
    Warning (15610): No output dependent on input pin "MREQ"
    Warning (15610): No output dependent on input pin "M1"
    Warning (15610): No output dependent on input pin "DOS"
    Warning (15610): No output dependent on input pin "CLK14M"
Info (21057): Implemented 101 device resources after synthesis - the final resource count might be different
    Info (21058): Implemented 31 input pins
    Info (21059): Implemented 10 output pins
    Info (21060): Implemented 8 bidirectional pins
    Info (21063): Implemented 52 macrocells
Info (144001): Generated suppressed messages file C:/Users/union/Documents/Projects/Speccy/ZX_EPMIO/output_files/zx_epmio.map.smsg
Info: Quartus II 64-Bit Analysis & Synthesis was successful. 0 errors, 19 warnings
    Info: Peak virtual memory: 4558 megabytes
    Info: Processing ended: Wed Nov 16 01:11:01 2022
    Info: Elapsed time: 00:00:01
    Info: Total CPU time (on all processors): 00:00:01


+------------------------------------------+
; Analysis & Synthesis Suppressed Messages ;
+------------------------------------------+
The suppressed messages can be found in C:/Users/union/Documents/Projects/Speccy/ZX_EPMIO/output_files/zx_epmio.map.smsg.


